{
  "0 debug pnpm:scope": {
    "selected": 1
  },
  "1 debug pnpm:package-manifest": {
    "initial": {
      "name": "midsummer",
      "version": "1.0.0",
      "main": "index.js",
      "repository": "",
      "author": "mysteryven <mysteryven@gmail.com>",
      "license": "MIT",
      "scripts": {
        "dev": "vite",
        "build": "tsc && vite build",
        "serve": "vite preview",
        "test": "jest",
        "lint": "eslint src --max-warnings=0"
      },
      "dependencies": {
        "pnpm": "^6.25.0",
        "react": "^17.0.2",
        "react-dom": "^17.0.2"
      },
      "devDependencies": {
        "@babel/core": "^7.16.0",
        "@babel/preset-env": "^7.16.4",
        "@babel/preset-react": "^7.16.0",
        "@babel/preset-typescript": "^7.16.0",
        "@testing-library/jest-dom": "^5.16.1",
        "@testing-library/react": "^12.1.2",
        "@types/jest": "^27.0.3",
        "@types/node": "^16.11.12",
        "@types/react": "^17.0.37",
        "@types/react-dom": "^17.0.11",
        "@typescript-eslint/eslint-plugin": "^5.6.0",
        "@vitejs/plugin-react": "^1.1.1",
        "autoprefixer": "^10.4.0",
        "babel-jest": "^27.4.4",
        "eslint": "^8.4.1",
        "eslint-config-prettier": "^8.3.0",
        "eslint-plugin-prettier": "^4.0.0",
        "eslint-plugin-react": "^7.27.1",
        "eslint-plugin-react-hooks": "^4.3.0",
        "eslint-plugin-tailwindcss": "^1.17.2",
        "jest": "^27.4.4",
        "postcss": "^8.4.5",
        "prettier": "2.5.1",
        "tailwindcss": "^3.0.1",
        "typescript": "^4.5.3",
        "vite": "^2.7.1",
        "vite-tsconfig-paths": "^3.3.17"
      }
    },
    "prefix": "/Users/wenzhe/Repos/juejin-codebase"
  },
  "2 debug pnpm:context": {
    "currentLockfileExists": true,
    "storeDir": "/Users/wenzhe/.pnpm-store/v3",
    "virtualStoreDir": "/Users/wenzhe/Repos/juejin-codebase/node_modules/.pnpm"
  },
  "3 debug pnpm:stage": {
    "prefix": "/Users/wenzhe/Repos/juejin-codebase",
    "stage": "resolution_started"
  },
  "4 warn pnpm": {
    "message": "Moving @babel/core that was installed by a different package manager to \"node_modules/.ignored",
    "prefix": "/Users/wenzhe/Repos/juejin-codebase"
  },
  "5 error pnpm": {
    "errno": -66,
    "code": "ENOTEMPTY",
    "syscall": "rename",
    "path": "/Users/wenzhe/Repos/juejin-codebase/node_modules/@babel/core",
    "dest": "/Users/wenzhe/Repos/juejin-codebase/node_modules/.ignored/@babel/core",
    "err": {
      "name": "pnpm",
      "message": "ENOTEMPTY: directory not empty, rename '/Users/wenzhe/Repos/juejin-codebase/node_modules/@babel/core' -> '/Users/wenzhe/Repos/juejin-codebase/node_modules/.ignored/@babel/core'",
      "code": "ENOTEMPTY",
      "stack": "pnpm: ENOTEMPTY: directory not empty, rename '/Users/wenzhe/Repos/juejin-codebase/node_modules/@babel/core' -> '/Users/wenzhe/Repos/juejin-codebase/node_modules/.ignored/@babel/core'"
    }
  }
}